<?xml version="1.0" encoding="UTF-8"?>
<robot generator="Robot 4.0.3 (Python 3.9.6 on win32)" generated="20210722 19:33:37.516" rpa="false" schemaversion="2">
<suite id="s1" name="testFormatado" source="C:\Users\Issias Castro\Desktop\Estudos\Robot Framework\Selenium\tests\testFormatado.robot">
<kw name="Abrir Navegador" library="PageLogin" type="SETUP">
<kw name="Open Browser" library="SeleniumLibrary">
<arg>${URL_CADASTRO_LOGIN}</arg>
<arg>${NAVEGADOR}</arg>
<doc>Opens a new browser instance to the optional ``url``.</doc>
<msg timestamp="20210722 19:33:37.679" level="INFO">Opening browser 'Chrome' to base url 'https://estivalet.github.io/robot-static-testing-site/index.html#'.</msg>
<status status="PASS" starttime="20210722 19:33:37.679" endtime="20210722 19:33:41.370"/>
</kw>
<kw name="Set Selenium Speed" library="SeleniumLibrary">
<arg>0.3s</arg>
<doc>Sets the delay that is waited after each Selenium command.</doc>
<status status="PASS" starttime="20210722 19:33:41.371" endtime="20210722 19:33:41.371"/>
</kw>
<status status="PASS" starttime="20210722 19:33:37.679" endtime="20210722 19:33:41.372"/>
</kw>
<test id="s1-t1" name="Fazer o cadastro de um novo cliente">
<kw name="Logar" library="PageLogin" type="SETUP">
<kw name="Input Text" library="SeleniumLibrary">
<arg>${USER}</arg>
<arg>admin</arg>
<doc>Types the given ``text`` into the text field identified by ``locator``.</doc>
<msg timestamp="20210722 19:33:41.374" level="INFO">Typing text 'admin' into text field 'id=username'.</msg>
<status status="PASS" starttime="20210722 19:33:41.374" endtime="20210722 19:33:42.358"/>
</kw>
<kw name="Input Text" library="SeleniumLibrary">
<arg>${PASSWORD}</arg>
<arg>admin</arg>
<doc>Types the given ``text`` into the text field identified by ``locator``.</doc>
<msg timestamp="20210722 19:33:42.359" level="INFO">Typing text 'admin' into text field 'id=password'.</msg>
<status status="PASS" starttime="20210722 19:33:42.358" endtime="20210722 19:33:43.346"/>
</kw>
<kw name="Click Element" library="SeleniumLibrary">
<arg>${BTN_LOGAR}</arg>
<doc>Click the element identified by ``locator``.</doc>
<msg timestamp="20210722 19:33:43.346" level="INFO">Clicking element 'id=login'.</msg>
<status status="PASS" starttime="20210722 19:33:43.346" endtime="20210722 19:33:44.079"/>
</kw>
<status status="PASS" starttime="20210722 19:33:41.373" endtime="20210722 19:33:44.079"/>
</kw>
<kw name="Ir para cadastro de cliente" library="PageMenu">
<kw name="Click Element" library="SeleniumLibrary">
<arg>${BTN_CADASTRO_CLIENTES}</arg>
<doc>Click the element identified by ``locator``.</doc>
<msg timestamp="20210722 19:33:44.080" level="INFO">Clicking element 'id=btn-cadastro-cliente'.</msg>
<status status="PASS" starttime="20210722 19:33:44.080" endtime="20210722 19:33:45.528"/>
</kw>
<status status="PASS" starttime="20210722 19:33:44.080" endtime="20210722 19:33:45.528"/>
</kw>
<kw name="Verificar Página" library="PageCadastro">
<kw name="Title Should Be" library="SeleniumLibrary">
<arg>${VERIFICAR_PAGE}</arg>
<doc>Verifies that the current page title equals ``title``.</doc>
<msg timestamp="20210722 19:33:45.835" level="INFO">Page title is 'Cadastro de Clientes'.</msg>
<status status="PASS" starttime="20210722 19:33:45.530" endtime="20210722 19:33:45.835"/>
</kw>
<status status="PASS" starttime="20210722 19:33:45.529" endtime="20210722 19:33:45.835"/>
</kw>
<kw name="Preencher campos" library="PageCadastro">
<kw name="Input Text" library="SeleniumLibrary">
<arg>${NOME_CLIENTE}</arg>
<arg>João da Silva</arg>
<doc>Types the given ``text`` into the text field identified by ``locator``.</doc>
<msg timestamp="20210722 19:33:45.837" level="INFO">Typing text 'João da Silva' into text field 'id=nome_cliente'.</msg>
<status status="PASS" starttime="20210722 19:33:45.836" endtime="20210722 19:33:46.829"/>
</kw>
<kw name="Input Text" library="SeleniumLibrary">
<arg>${CPF}</arg>
<arg>123456789715</arg>
<doc>Types the given ``text`` into the text field identified by ``locator``.</doc>
<msg timestamp="20210722 19:33:46.829" level="INFO">Typing text '123456789715' into text field 'id=cpf'.</msg>
<status status="PASS" starttime="20210722 19:33:46.829" endtime="20210722 19:33:47.804"/>
</kw>
<kw name="Input Text" library="SeleniumLibrary">
<arg>${DATA_NASCIMENTO}</arg>
<arg>11112019</arg>
<doc>Types the given ``text`` into the text field identified by ``locator``.</doc>
<msg timestamp="20210722 19:33:47.804" level="INFO">Typing text '11112019' into text field 'id=dtnasc'.</msg>
<status status="PASS" starttime="20210722 19:33:47.804" endtime="20210722 19:33:48.798"/>
</kw>
<kw name="Click Element" library="SeleniumLibrary">
<arg>${ESCOLHER_SEXO}</arg>
<doc>Click the element identified by ``locator``.</doc>
<msg timestamp="20210722 19:33:48.798" level="INFO">Clicking element 'xpath=//input[@value="masculino"]'.</msg>
<status status="PASS" starttime="20210722 19:33:48.798" endtime="20210722 19:33:49.450"/>
</kw>
<kw name="Input Text" library="SeleniumLibrary">
<arg>${TELEFONE}</arg>
<arg>21999999999</arg>
<doc>Types the given ``text`` into the text field identified by ``locator``.</doc>
<msg timestamp="20210722 19:33:49.450" level="INFO">Typing text '21999999999' into text field 'id=prependedtext'.</msg>
<status status="PASS" starttime="20210722 19:33:49.450" endtime="20210722 19:33:50.439"/>
</kw>
<kw name="Input Text" library="SeleniumLibrary">
<arg>${EMAIL}</arg>
<arg>joao@exemplo.com</arg>
<doc>Types the given ``text`` into the text field identified by ``locator``.</doc>
<msg timestamp="20210722 19:33:50.439" level="INFO">Typing text 'joao@exemplo.com' into text field 'id=email'.</msg>
<status status="PASS" starttime="20210722 19:33:50.439" endtime="20210722 19:33:51.446"/>
</kw>
<kw name="Input Text" library="SeleniumLibrary">
<arg>${CEP}</arg>
<arg>26535650</arg>
<doc>Types the given ``text`` into the text field identified by ``locator``.</doc>
<msg timestamp="20210722 19:33:51.446" level="INFO">Typing text '26535650' into text field 'id=cep'.</msg>
<status status="PASS" starttime="20210722 19:33:51.446" endtime="20210722 19:33:52.421"/>
</kw>
<kw name="Click Element" library="SeleniumLibrary">
<arg>${BTN_PESQUISAR}</arg>
<doc>Click the element identified by ``locator``.</doc>
<msg timestamp="20210722 19:33:52.421" level="INFO">Clicking element 'xpath=//button[text()="Pesquisar"]'.</msg>
<status status="PASS" starttime="20210722 19:33:52.421" endtime="20210722 19:33:53.079"/>
</kw>
<kw name="Wait Until Keyword Succeeds" library="BuiltIn">
<arg>10s</arg>
<arg>200ms</arg>
<arg>Aguardar o valor "${RUA_CLIENTE}" no elemento "${RUA}" estar presente</arg>
<doc>Runs the specified keyword and retries if it fails.</doc>
<kw name="Aguardar o valor &quot;Rua Felicidade de Jesus Teixeira&quot; no elemento &quot;id=rua&quot; estar presente" library="PageCadastro" sourcename="Aguardar o valor &quot;${valor_esperado}&quot; no elemento &quot;${elemento}&quot; estar presente">
<kw name="Get Element Attribute" library="SeleniumLibrary">
<var>${valor_atual}</var>
<arg>${elemento}</arg>
<arg>value</arg>
<doc>Returns the value of ``attribute`` from the element ``locator``.</doc>
<msg timestamp="20210722 19:33:53.706" level="INFO">${valor_atual} = Rua Felicidade de Jesus Teixeira</msg>
<status status="PASS" starttime="20210722 19:33:53.080" endtime="20210722 19:33:53.706"/>
</kw>
<kw name="Should Be Equal As Strings" library="BuiltIn">
<arg>${valor_atual}</arg>
<arg>${valor_esperado}</arg>
<doc>Fails if objects are unequal after converting them to strings.</doc>
<status status="PASS" starttime="20210722 19:33:53.706" endtime="20210722 19:33:53.707"/>
</kw>
<status status="PASS" starttime="20210722 19:33:53.080" endtime="20210722 19:33:53.707"/>
</kw>
<status status="PASS" starttime="20210722 19:33:53.079" endtime="20210722 19:33:53.707"/>
</kw>
<kw name="Input Text" library="SeleniumLibrary">
<arg>${NUMERO_CASA}</arg>
<arg>600</arg>
<doc>Types the given ``text`` into the text field identified by ``locator``.</doc>
<msg timestamp="20210722 19:33:53.707" level="INFO">Typing text '600' into text field 'id=numero'.</msg>
<status status="PASS" starttime="20210722 19:33:53.707" endtime="20210722 19:33:54.689"/>
</kw>
<kw name="Select From List By Value" library="SeleniumLibrary">
<arg>${ESTADO_CIVIL}</arg>
<arg>Solteiro(a)</arg>
<doc>Selects options from selection list ``locator`` by ``values``.</doc>
<msg timestamp="20210722 19:33:54.690" level="INFO">Selecting options from selection list 'id=estado-civil' by value Solteiro(a).</msg>
<status status="PASS" starttime="20210722 19:33:54.689" endtime="20210722 19:33:56.899"/>
</kw>
<kw name="Click Element" library="SeleniumLibrary">
<arg>${INTERESSES}</arg>
<doc>Click the element identified by ``locator``.</doc>
<msg timestamp="20210722 19:33:56.899" level="INFO">Clicking element 'xpath=//span[contains(text(), "Testes Automatizados")]/preceding::input[1]'.</msg>
<status status="PASS" starttime="20210722 19:33:56.899" endtime="20210722 19:33:57.549"/>
</kw>
<status status="PASS" starttime="20210722 19:33:45.836" endtime="20210722 19:33:57.549"/>
</kw>
<kw name="Realizar cadastro" library="PageCadastro">
<kw name="Click Element" library="SeleniumLibrary">
<arg>id=cadastrar</arg>
<doc>Click the element identified by ``locator``.</doc>
<msg timestamp="20210722 19:33:57.550" level="INFO">Clicking element 'id=cadastrar'.</msg>
<status status="PASS" starttime="20210722 19:33:57.550" endtime="20210722 19:33:58.199"/>
</kw>
<kw name="Wait Until Element Is Visible" library="SeleniumLibrary">
<arg>${AGUARDAR_MSG}</arg>
<doc>Waits until the element ``locator`` is visible.</doc>
<status status="PASS" starttime="20210722 19:33:58.199" endtime="20210722 19:33:58.832"/>
</kw>
<kw name="Wait Until Page Contains" library="SeleniumLibrary">
<arg>${MSG_CADASTRO}</arg>
<doc>Waits until ``text`` appears on the current page.</doc>
<status status="PASS" starttime="20210722 19:33:58.832" endtime="20210722 19:33:59.153"/>
</kw>
<status status="PASS" starttime="20210722 19:33:57.550" endtime="20210722 19:33:59.153"/>
</kw>
<kw name="Fazer Logout" library="PageMenu" type="TEARDOWN">
<kw name="Click Element" library="SeleniumLibrary">
<arg>${BTN_LOGOUT}</arg>
<doc>Click the element identified by ``locator``.</doc>
<msg timestamp="20210722 19:33:59.154" level="INFO">Clicking element 'id=btn-logout'.</msg>
<status status="PASS" starttime="20210722 19:33:59.154" endtime="20210722 19:33:59.836"/>
</kw>
<status status="PASS" starttime="20210722 19:33:59.154" endtime="20210722 19:33:59.836"/>
</kw>
<status status="PASS" starttime="20210722 19:33:41.372" endtime="20210722 19:33:59.837"/>
</test>
<kw name="Close Browser" library="SeleniumLibrary" type="TEARDOWN">
<doc>Closes the current browser.</doc>
<status status="PASS" starttime="20210722 19:33:59.841" endtime="20210722 19:34:02.230"/>
</kw>
<status status="PASS" starttime="20210722 19:33:37.517" endtime="20210722 19:34:02.230"/>
</suite>
<statistics>
<total>
<stat pass="1" fail="0" skip="0">All Tests</stat>
</total>
<tag>
</tag>
<suite>
<stat pass="1" fail="0" skip="0" id="s1" name="testFormatado">testFormatado</stat>
</suite>
</statistics>
<errors>
</errors>
</robot>
