<?xml version="1.0" encoding="UTF-8"?>
<robot generator="Robot 4.0.3 (Python 3.9.6 on win32)" generated="20210724 14:36:07.422" rpa="false" schemaversion="2">
<suite id="s1" name="Test" source="C:\Users\Issias Castro\Desktop\Estudos\EstudosRobot\AutomationPratice\tests\test.robot">
<kw name="Abrir Navegador" library="home" type="SETUP">
<kw name="Open Browser" library="SeleniumLibrary">
<arg>${URL}</arg>
<arg>${NAVEGADOR}</arg>
<doc>Opens a new browser instance to the optional ``url``.</doc>
<msg timestamp="20210724 14:36:07.622" level="INFO">Opening browser 'Chrome' to base url 'http://automationpractice.com/index.php'.</msg>
<status status="PASS" starttime="20210724 14:36:07.622" endtime="20210724 14:36:15.144"/>
</kw>
<kw name="Maximize Browser Window" library="SeleniumLibrary">
<doc>Maximizes current browser window.</doc>
<status status="PASS" starttime="20210724 14:36:15.144" endtime="20210724 14:36:15.270"/>
</kw>
<kw name="Set Selenium Speed" library="SeleniumLibrary">
<arg>0.3s</arg>
<doc>Sets the delay that is waited after each Selenium command.</doc>
<status status="PASS" starttime="20210724 14:36:15.270" endtime="20210724 14:36:15.270"/>
</kw>
<status status="PASS" starttime="20210724 14:36:07.622" endtime="20210724 14:36:15.270"/>
</kw>
<test id="s1-t1" name="Fazer Login">
<kw name="Sign In" library="home" type="SETUP">
<kw name="Click Element" library="SeleniumLibrary">
<arg>${SIGN_IN}</arg>
<doc>Click the element identified by ``locator``.</doc>
<msg timestamp="20210724 14:36:15.270" level="INFO">Clicking element 'xpath=//a[@class="login"]'.</msg>
<status status="PASS" starttime="20210724 14:36:15.270" endtime="20210724 14:36:17.912"/>
</kw>
<status status="PASS" starttime="20210724 14:36:15.270" endtime="20210724 14:36:17.912"/>
</kw>
<kw name="Login" library="login">
<kw name="Input Text" library="SeleniumLibrary">
<arg>${LOGIN_EMAIL}</arg>
<arg>teste@teste.com</arg>
<doc>Types the given ``text`` into the text field identified by ``locator``.</doc>
<msg timestamp="20210724 14:36:17.916" level="INFO">Typing text 'teste@teste.com' into text field 'id=email'.</msg>
<status status="PASS" starttime="20210724 14:36:17.916" endtime="20210724 14:36:19.092"/>
</kw>
<kw name="Input Text" library="SeleniumLibrary">
<arg>${LOGIN_PASSWD}</arg>
<arg>123456</arg>
<doc>Types the given ``text`` into the text field identified by ``locator``.</doc>
<msg timestamp="20210724 14:36:19.092" level="INFO">Typing text '123456' into text field 'id=passwd'.</msg>
<status status="PASS" starttime="20210724 14:36:19.092" endtime="20210724 14:36:20.229"/>
</kw>
<kw name="Click Element" library="SeleniumLibrary">
<arg>${BTN_SIGN_IN}</arg>
<doc>Click the element identified by ``locator``.</doc>
<msg timestamp="20210724 14:36:20.229" level="INFO">Clicking element 'id=SubmitLogin'.</msg>
<status status="PASS" starttime="20210724 14:36:20.229" endtime="20210724 14:36:22.535"/>
</kw>
<status status="PASS" starttime="20210724 14:36:17.912" endtime="20210724 14:36:22.535"/>
</kw>
<kw name="Pesquisar" library="home">
<kw name="Input Text" library="SeleniumLibrary">
<arg>${PESQUISA}</arg>
<arg>Faded Short Sleeve T-shirts</arg>
<doc>Types the given ``text`` into the text field identified by ``locator``.</doc>
<msg timestamp="20210724 14:36:22.535" level="INFO">Typing text 'Faded Short Sleeve T-shirts' into text field 'name=search_query'.</msg>
<status status="PASS" starttime="20210724 14:36:22.535" endtime="20210724 14:36:23.688"/>
</kw>
<kw name="Press Keys" library="SeleniumLibrary">
<arg>${PESQUISA}</arg>
<arg>ENTER</arg>
<doc>Simulates the user pressing key(s) to an element or on the active browser.</doc>
<msg timestamp="20210724 14:36:23.688" level="INFO">Sending key(s) ('ENTER',) to name=search_query element.</msg>
<msg timestamp="20210724 14:36:24.625" level="INFO">Pressing special key ENTER to element.</msg>
<msg timestamp="20210724 14:36:24.625" level="INFO">Releasing special key ENTER.</msg>
<status status="PASS" starttime="20210724 14:36:23.688" endtime="20210724 14:36:26.800"/>
</kw>
<status status="PASS" starttime="20210724 14:36:22.535" endtime="20210724 14:36:26.800"/>
</kw>
<kw name="Sign Out" library="home" type="TEARDOWN">
<kw name="Click Element" library="SeleniumLibrary">
<arg>${SIGN_OUT}</arg>
<doc>Click the element identified by ``locator``.</doc>
<msg timestamp="20210724 14:36:26.800" level="INFO">Clicking element 'xpath=//a[@title="Log me out"]'.</msg>
<status status="PASS" starttime="20210724 14:36:26.800" endtime="20210724 14:36:29.781"/>
</kw>
<status status="PASS" starttime="20210724 14:36:26.800" endtime="20210724 14:36:29.781"/>
</kw>
<status status="PASS" starttime="20210724 14:36:15.270" endtime="20210724 14:36:29.781"/>
</test>
<kw name="Close Browser" library="SeleniumLibrary" type="TEARDOWN">
<doc>Closes the current browser.</doc>
<status status="PASS" starttime="20210724 14:36:29.788" endtime="20210724 14:36:32.203"/>
</kw>
<status status="PASS" starttime="20210724 14:36:07.424" endtime="20210724 14:36:32.203"/>
</suite>
<statistics>
<total>
<stat pass="1" fail="0" skip="0">All Tests</stat>
</total>
<tag>
</tag>
<suite>
<stat pass="1" fail="0" skip="0" id="s1" name="Test">Test</stat>
</suite>
</statistics>
<errors>
</errors>
</robot>
